GET /api/items 304  - 276.475 ms

POST /api/users/register 201 224 - 93.849 ms
GET /api/items 200 2 - 17.889 ms
POST /api/items 201 146 - 21.605 ms
GET /api/orders 200 2 - 37.144 ms
GET /api/customers 200 2 - 27.308 ms
GET /api/delivery-vehicles 200 2 - 17.464 ms
GET /api/delivery-vehicles 304  - 8.540 ms
POST /api/delivery-vehicles 201 205 - 10.979 ms
GET /api/customers 304  - 16.491 ms
POST /api/customers 201 154 - 7.999 ms
GET /api/customers 200 156 - 13.806 ms
GET /api/delivery-vehicles 200 207 - 23.184 ms
GET /api/orders 304  - 14.840 ms
POST /api/orders 400 44 - 123.027 ms
POST /api/orders 400 44 - 9.644 ms
POST /api/orders 400 44 - 8.408 ms
POST /api/orders 400 44 - 9.652 ms
POST /api/orders 400 44 - 8.114 ms
POST /api/orders 400 44 - 8.342 ms
POST /api/orders 400 44 - 8.435 ms
POST /api/orders 400 44 - 8.482 ms
POST /api/orders 400 44 - 7.639 ms
POST /api/orders 400 44 - 7.876 ms
GET /api/customers 304  - 7.400 ms
POST /api/customers 201 150 - 9.910 ms
GET /api/customers 200 307 - 21.392 ms
GET /api/orders 304  - 13.148 ms
GET /api/delivery-vehicles 304  - 10.952 ms
POST /api/orders 201 295 - 40.730 ms
GET /api/delivery-vehicles 200 207 - 10.884 ms
GET /api/orders 200 297 - 32.221 ms
GET /api/customers 304  - 26.569 ms
GET /api/delivery-vehicles 304  - 22.820 ms
GET /api/items 200 148 - 3.749 ms
GET /api/customers 304  - 10.171 ms
GET /api/delivery-vehicles 304  - 8.703 ms
GET /api/orders 304  - 28.421 ms
GET /api/customers 304  - 21.873 ms
GET /api/delivery-vehicles 304  - 16.917 ms
GET /api/orders 304  - 30.348 ms
GET /api/customers 304  - 22.615 ms
GET /api/delivery-vehicles 304  - 19.894 ms
PATCH /api/orders/67129a95a9c3c0b7bba7a531/delivered 200 294 - 16.634 ms
